<?xml version="1.0" encoding="UTF-8"?>
<!-- Generated by org.testng.reporters.JUnitXMLReporter -->
<testsuite ignored="10" hostname="doer-ThinkPad-T450" failures="0" tests="6" name="Designation" time="43.839" errors="0" timestamp="2023-07-22T10:03:46 BDT">
  <testcase classname="designationPackage.designation01_designationListPage" name="employee" time="3.085"/>
  <testcase classname="designationPackage.designation02_createDesignation" name="employee" time="18.683"/>
  <testcase classname="designationPackage.designation03_designationByView" name="employee" time="6.29"/>
  <testcase classname="designationPackage.designation04_designationByStatus" name="employee" time="6.264"/>
  <testcase classname="designationPackage.designation05_designationNameSearch" name="employee" time="3.272"/>
  <testcase classname="designationPackage.designation06_designationByUpdate" name="employee" time="6.217"/>
  <testcase classname="driverPackage.baseDriver" name="@BeforeSuite setup" time="0.0">
    <ignored/>
  </testcase> <!-- @BeforeSuite setup -->
  <testcase classname="driverPackage.baseDriver" name="@BeforeSuite setup" time="0.0">
    <ignored/>
  </testcase> <!-- @BeforeSuite setup -->
  <testcase classname="driverPackage.baseDriver" name="@AfterSuite tearDown" time="0.0">
    <ignored/>
  </testcase> <!-- @AfterSuite tearDown -->
  <testcase classname="driverPackage.baseDriver" name="@BeforeSuite setup" time="0.0">
    <ignored/>
  </testcase> <!-- @BeforeSuite setup -->
  <testcase classname="driverPackage.baseDriver" name="@AfterSuite tearDown" time="0.0">
    <ignored/>
  </testcase> <!-- @AfterSuite tearDown -->
  <testcase classname="driverPackage.baseDriver" name="@BeforeSuite setup" time="0.0">
    <ignored/>
  </testcase> <!-- @BeforeSuite setup -->
  <testcase classname="driverPackage.baseDriver" name="@AfterSuite tearDown" time="0.0">
    <ignored/>
  </testcase> <!-- @AfterSuite tearDown -->
  <testcase classname="driverPackage.baseDriver" name="@AfterSuite tearDown" time="0.0">
    <ignored/>
  </testcase> <!-- @AfterSuite tearDown -->
  <testcase classname="driverPackage.baseDriver" name="@AfterSuite tearDown" time="0.0">
    <ignored/>
  </testcase> <!-- @AfterSuite tearDown -->
  <testcase classname="driverPackage.baseDriver" name="@BeforeSuite setup" time="0.0">
    <ignored/>
  </testcase> <!-- @BeforeSuite setup -->
</testsuite> <!-- Designation -->
