<?xml version="1.0" encoding="UTF-8"?>
<!-- Generated by org.testng.reporters.JUnitXMLReporter -->
<testsuite ignored="6" hostname="doer-ThinkPad-T450" failures="0" tests="4" name="Samity Filed Officer" time="0.028" errors="0" timestamp="2023-07-19T09:58:56 BDT">
  <testcase classname="samityFliedOfficerPackage.samityFieldOfficerChange01_samityFieldOfficerChangeListPage" name="samityFieldOfficerChange" time="0.0">
    <skipped/>
  </testcase> <!-- samityFieldOfficerChange -->
  <testcase classname="samityFliedOfficerPackage.samityFieldOfficerChange02_samityFieldOfficerChangeBySearching" name="samityFieldOfficerChange" time="0.0">
    <skipped/>
  </testcase> <!-- samityFieldOfficerChange -->
  <testcase classname="samityFliedOfficerPackage.samityFieldOfficerChange03_samityFieldOfficerChangeByStatus" name="samityFieldOfficerChange" time="0.0">
    <skipped/>
  </testcase> <!-- samityFieldOfficerChange -->
  <testcase classname="samityFliedOfficerPackage.samityFieldOfficerChange04_samityFieldOfficerChange" name="samityFieldOfficerChange" time="0.0">
    <skipped/>
  </testcase> <!-- samityFieldOfficerChange -->
  <testcase classname="driverPackage.baseDriver" name="@AfterSuite tearDown" time="0.0">
    <ignored/>
  </testcase> <!-- @AfterSuite tearDown -->
  <testcase classname="driverPackage.baseDriver" name="@BeforeSuite setup" time="0.0">
    <ignored/>
  </testcase> <!-- @BeforeSuite setup -->
  <testcase classname="driverPackage.baseDriver" name="@BeforeSuite setup" time="0.0">
    <ignored/>
  </testcase> <!-- @BeforeSuite setup -->
  <testcase classname="driverPackage.baseDriver" name="@AfterSuite tearDown" time="0.0">
    <ignored/>
  </testcase> <!-- @AfterSuite tearDown -->
  <testcase classname="driverPackage.baseDriver" name="@AfterSuite tearDown" time="0.0">
    <ignored/>
  </testcase> <!-- @AfterSuite tearDown -->
  <testcase classname="driverPackage.baseDriver" name="@BeforeSuite setup" time="0.0">
    <ignored/>
  </testcase> <!-- @BeforeSuite setup -->
</testsuite> <!-- Samity Filed Officer -->
